ISim log file
Running: C:\materija\DP-7_2015\FBless_2D_GPU\pcores\fb_less_2d_gpu_periph_v1_00_a\devl\projnav\fb_less_2d_gpu_standalone_tb_isim_beh.exe -intstyle ise -gui -tclbatch isim.cmd -wdb C:/materija/DP-7_2015/FBless_2D_GPU/pcores/fb_less_2d_gpu_periph_v1_00_a/devl/projnav/fb_less_2d_gpu_standalone_tb_isim_beh.wdb 
ISim P.68d (signature 0x7708f090)
----------------------------------------------------------------------
INFO:Security:50 - The XILINXD_LICENSE_FILE environment variable is set to '2100@licserver'.
INFO:Security:52 - The LM_LICENSE_FILE environment variable is set to '1717@licserver'.
WARNING:Security:43 - No license file was found in the standard Xilinx license directory.
WARNING:Security:44 - Since no license file was found,
       please run the Xilinx License Configuration Manager
       (xlcm or "Manage Xilinx Licenses")
       to assist in obtaining a license.
WARNING:Security:42 - Your software subscription period has lapsed. Your current version of Xilinx tools will continue to function, but you no longer qualify for Xilinx software updates or new releases.


----------------------------------------------------------------------
This is a Full version of ISim.
Time resolution is 1 ps
# onerror resume
# wave add /
# run 2000 ns
Simulator is doing circuit initialization process.
at 0 ps, Instance /fb_less_2d_gpu_standalone_tb/uut/vga_ctrl_i/ : Warning: NUMERIC_STD."=": metavalue detected, returning FALSE
Finished circuit initialization process.
at 624990 ps(4), Instance /fb_less_2d_gpu_standalone_tb/uut/vga_ctrl_i/ : Warning: NUMERIC_STD."=": metavalue detected, returning FALSE
at 714972 ps(4), Instance /fb_less_2d_gpu_standalone_tb/uut/fb_less_2d_gpu_i/ : Warning: There is an 'U'|'X'|'W'|'Z'|'-' in an arithmetic operand, the result will be 'X'(es).
at 1674964 ps(3), Instance /fb_less_2d_gpu_standalone_tb/uut/vga_ctrl_i/ : Warning: NUMERIC_STD.">=": metavalue detected, returning FALSE
at 1674964 ps(3), Instance /fb_less_2d_gpu_standalone_tb/uut/vga_ctrl_i/ : Warning: NUMERIC_STD.">=": metavalue detected, returning FALSE
at 1674964 ps(3), Instance /fb_less_2d_gpu_standalone_tb/uut/vga_ctrl_i/ : Warning: NUMERIC_STD."<=": metavalue detected, returning FALSE
at 1674964 ps(3), Instance /fb_less_2d_gpu_standalone_tb/uut/vga_ctrl_i/ : Warning: NUMERIC_STD."<=": metavalue detected, returning FALSE
at 1674964 ps(3), Instance /fb_less_2d_gpu_standalone_tb/uut/vga_ctrl_i/ : Warning: NUMERIC_STD."<=": metavalue detected, returning FALSE
at 1674964 ps(3), Instance /fb_less_2d_gpu_standalone_tb/uut/vga_ctrl_i/ : Warning: NUMERIC_STD."<=": metavalue detected, returning FALSE
# restart
# run 1.00us
Simulator is doing circuit initialization process.
at 0 ps, Instance /fb_less_2d_gpu_standalone_tb/uut/vga_ctrl_i/ : Warning: NUMERIC_STD."=": metavalue detected, returning FALSE
Finished circuit initialization process.
at 624990 ps(4), Instance /fb_less_2d_gpu_standalone_tb/uut/vga_ctrl_i/ : Warning: NUMERIC_STD."=": metavalue detected, returning FALSE
# run 1.00us
at 1674964 ps(3), Instance /fb_less_2d_gpu_standalone_tb/uut/vga_ctrl_i/ : Warning: NUMERIC_STD.">=": metavalue detected, returning FALSE
at 1674964 ps(3), Instance /fb_less_2d_gpu_standalone_tb/uut/vga_ctrl_i/ : Warning: NUMERIC_STD.">=": metavalue detected, returning FALSE
at 1674964 ps(3), Instance /fb_less_2d_gpu_standalone_tb/uut/vga_ctrl_i/ : Warning: NUMERIC_STD."<=": metavalue detected, returning FALSE
at 1674964 ps(3), Instance /fb_less_2d_gpu_standalone_tb/uut/vga_ctrl_i/ : Warning: NUMERIC_STD."<=": metavalue detected, returning FALSE
at 1674964 ps(3), Instance /fb_less_2d_gpu_standalone_tb/uut/vga_ctrl_i/ : Warning: NUMERIC_STD."<=": metavalue detected, returning FALSE
at 1674964 ps(3), Instance /fb_less_2d_gpu_standalone_tb/uut/vga_ctrl_i/ : Warning: NUMERIC_STD."<=": metavalue detected, returning FALSE
# run 1.00us
# run 1.00us
# run 1.00us
# run 1.00us
# run 1.00us
# run 1.00us
# run 1.00us
# run 1.00us
# run 1.00us
# run 1.00us
# run 1.00us
# run 1.00us
# run 1.00us
# run 1.00us
# run 1.00us
# run 1.00us
# run 1.00us
# run 1.00us
# run 1.00us
# run 1.00us
# run 1.00us
ISim P.68d (signature 0x7708f090)
----------------------------------------------------------------------
INFO:Security:50 - The XILINXD_LICENSE_FILE environment variable is set to '2100@licserver'.
INFO:Security:52 - The LM_LICENSE_FILE environment variable is set to '1717@licserver'.
WARNING:Security:43 - No license file was found in the standard Xilinx license directory.
WARNING:Security:44 - Since no license file was found,
       please run the Xilinx License Configuration Manager
       (xlcm or "Manage Xilinx Licenses")
       to assist in obtaining a license.
WARNING:Security:42 - Your software subscription period has lapsed. Your current version of Xilinx tools will continue to function, but you no longer qualify for Xilinx software updates or new releases.


----------------------------------------------------------------------
This is a Full version of ISim.
# run 2000 ns
Simulator is doing circuit initialization process.
at 0 ps, Instance /fb_less_2d_gpu_standalone_tb/uut/vga_ctrl_i/ : Warning: NUMERIC_STD."=": metavalue detected, returning FALSE
Finished circuit initialization process.
at 624990 ps(4), Instance /fb_less_2d_gpu_standalone_tb/uut/vga_ctrl_i/ : Warning: NUMERIC_STD."=": metavalue detected, returning FALSE
at 714972 ps(4), Instance /fb_less_2d_gpu_standalone_tb/uut/fb_less_2d_gpu_i/ : Warning: There is an 'U'|'X'|'W'|'Z'|'-' in an arithmetic operand, the result will be 'X'(es).
at 1674964 ps(3), Instance /fb_less_2d_gpu_standalone_tb/uut/vga_ctrl_i/ : Warning: NUMERIC_STD.">=": metavalue detected, returning FALSE
at 1674964 ps(3), Instance /fb_less_2d_gpu_standalone_tb/uut/vga_ctrl_i/ : Warning: NUMERIC_STD.">=": metavalue detected, returning FALSE
at 1674964 ps(3), Instance /fb_less_2d_gpu_standalone_tb/uut/vga_ctrl_i/ : Warning: NUMERIC_STD."<=": metavalue detected, returning FALSE
at 1674964 ps(3), Instance /fb_less_2d_gpu_standalone_tb/uut/vga_ctrl_i/ : Warning: NUMERIC_STD."<=": metavalue detected, returning FALSE
at 1674964 ps(3), Instance /fb_less_2d_gpu_standalone_tb/uut/vga_ctrl_i/ : Warning: NUMERIC_STD."<=": metavalue detected, returning FALSE
at 1674964 ps(3), Instance /fb_less_2d_gpu_standalone_tb/uut/vga_ctrl_i/ : Warning: NUMERIC_STD."<=": metavalue detected, returning FALSE
ISim P.68d (signature 0x7708f090)
----------------------------------------------------------------------
INFO:Security:50 - The XILINXD_LICENSE_FILE environment variable is set to '2100@licserver'.
INFO:Security:52 - The LM_LICENSE_FILE environment variable is set to '1717@licserver'.
WARNING:Security:43 - No license file was found in the standard Xilinx license directory.
WARNING:Security:44 - Since no license file was found,
       please run the Xilinx License Configuration Manager
       (xlcm or "Manage Xilinx Licenses")
       to assist in obtaining a license.
WARNING:Security:42 - Your software subscription period has lapsed. Your current version of Xilinx tools will continue to function, but you no longer qualify for Xilinx software updates or new releases.


----------------------------------------------------------------------
This is a Full version of ISim.
# run 2000 ns
Simulator is doing circuit initialization process.
at 0 ps, Instance /fb_less_2d_gpu_standalone_tb/uut/vga_ctrl_i/ : Warning: NUMERIC_STD."=": metavalue detected, returning FALSE
Finished circuit initialization process.
at 624990 ps(4), Instance /fb_less_2d_gpu_standalone_tb/uut/vga_ctrl_i/ : Warning: NUMERIC_STD."=": metavalue detected, returning FALSE
at 714972 ps(4), Instance /fb_less_2d_gpu_standalone_tb/uut/fb_less_2d_gpu_i/ : Warning: There is an 'U'|'X'|'W'|'Z'|'-' in an arithmetic operand, the result will be 'X'(es).
at 1674964 ps(3), Instance /fb_less_2d_gpu_standalone_tb/uut/vga_ctrl_i/ : Warning: NUMERIC_STD.">=": metavalue detected, returning FALSE
at 1674964 ps(3), Instance /fb_less_2d_gpu_standalone_tb/uut/vga_ctrl_i/ : Warning: NUMERIC_STD.">=": metavalue detected, returning FALSE
at 1674964 ps(3), Instance /fb_less_2d_gpu_standalone_tb/uut/vga_ctrl_i/ : Warning: NUMERIC_STD."<=": metavalue detected, returning FALSE
at 1674964 ps(3), Instance /fb_less_2d_gpu_standalone_tb/uut/vga_ctrl_i/ : Warning: NUMERIC_STD."<=": metavalue detected, returning FALSE
at 1674964 ps(3), Instance /fb_less_2d_gpu_standalone_tb/uut/vga_ctrl_i/ : Warning: NUMERIC_STD."<=": metavalue detected, returning FALSE
at 1674964 ps(3), Instance /fb_less_2d_gpu_standalone_tb/uut/vga_ctrl_i/ : Warning: NUMERIC_STD."<=": metavalue detected, returning FALSE
# restart
# run 1.00us
Simulator is doing circuit initialization process.
at 0 ps, Instance /fb_less_2d_gpu_standalone_tb/uut/vga_ctrl_i/ : Warning: NUMERIC_STD."=": metavalue detected, returning FALSE
Finished circuit initialization process.
at 624990 ps(4), Instance /fb_less_2d_gpu_standalone_tb/uut/vga_ctrl_i/ : Warning: NUMERIC_STD."=": metavalue detected, returning FALSE
ISim P.68d (signature 0x7708f090)
----------------------------------------------------------------------
INFO:Security:50 - The XILINXD_LICENSE_FILE environment variable is set to '2100@licserver'.
INFO:Security:52 - The LM_LICENSE_FILE environment variable is set to '1717@licserver'.
WARNING:Security:43 - No license file was found in the standard Xilinx license directory.
WARNING:Security:44 - Since no license file was found,
       please run the Xilinx License Configuration Manager
       (xlcm or "Manage Xilinx Licenses")
       to assist in obtaining a license.
WARNING:Security:42 - Your software subscription period has lapsed. Your current version of Xilinx tools will continue to function, but you no longer qualify for Xilinx software updates or new releases.


----------------------------------------------------------------------
This is a Full version of ISim.
# run 2000 ns
Simulator is doing circuit initialization process.
at 0 ps, Instance /fb_less_2d_gpu_standalone_tb/uut/vga_ctrl_i/ : Warning: NUMERIC_STD."=": metavalue detected, returning FALSE
Finished circuit initialization process.
at 624990 ps(4), Instance /fb_less_2d_gpu_standalone_tb/uut/vga_ctrl_i/ : Warning: NUMERIC_STD."=": metavalue detected, returning FALSE
at 714972 ps(4), Instance /fb_less_2d_gpu_standalone_tb/uut/fb_less_2d_gpu_i/ : Warning: There is an 'U'|'X'|'W'|'Z'|'-' in an arithmetic operand, the result will be 'X'(es).
at 1674964 ps(3), Instance /fb_less_2d_gpu_standalone_tb/uut/vga_ctrl_i/ : Warning: NUMERIC_STD.">=": metavalue detected, returning FALSE
at 1674964 ps(3), Instance /fb_less_2d_gpu_standalone_tb/uut/vga_ctrl_i/ : Warning: NUMERIC_STD.">=": metavalue detected, returning FALSE
at 1674964 ps(3), Instance /fb_less_2d_gpu_standalone_tb/uut/vga_ctrl_i/ : Warning: NUMERIC_STD."<=": metavalue detected, returning FALSE
at 1674964 ps(3), Instance /fb_less_2d_gpu_standalone_tb/uut/vga_ctrl_i/ : Warning: NUMERIC_STD."<=": metavalue detected, returning FALSE
at 1674964 ps(3), Instance /fb_less_2d_gpu_standalone_tb/uut/vga_ctrl_i/ : Warning: NUMERIC_STD."<=": metavalue detected, returning FALSE
at 1674964 ps(3), Instance /fb_less_2d_gpu_standalone_tb/uut/vga_ctrl_i/ : Warning: NUMERIC_STD."<=": metavalue detected, returning FALSE
# restart
# run 1.00us
Simulator is doing circuit initialization process.
at 0 ps, Instance /fb_less_2d_gpu_standalone_tb/uut/vga_ctrl_i/ : Warning: NUMERIC_STD."=": metavalue detected, returning FALSE
Finished circuit initialization process.
at 624990 ps(4), Instance /fb_less_2d_gpu_standalone_tb/uut/vga_ctrl_i/ : Warning: NUMERIC_STD."=": metavalue detected, returning FALSE
# run 1.00us
at 1674964 ps(3), Instance /fb_less_2d_gpu_standalone_tb/uut/vga_ctrl_i/ : Warning: NUMERIC_STD.">=": metavalue detected, returning FALSE
at 1674964 ps(3), Instance /fb_less_2d_gpu_standalone_tb/uut/vga_ctrl_i/ : Warning: NUMERIC_STD.">=": metavalue detected, returning FALSE
at 1674964 ps(3), Instance /fb_less_2d_gpu_standalone_tb/uut/vga_ctrl_i/ : Warning: NUMERIC_STD."<=": metavalue detected, returning FALSE
at 1674964 ps(3), Instance /fb_less_2d_gpu_standalone_tb/uut/vga_ctrl_i/ : Warning: NUMERIC_STD."<=": metavalue detected, returning FALSE
at 1674964 ps(3), Instance /fb_less_2d_gpu_standalone_tb/uut/vga_ctrl_i/ : Warning: NUMERIC_STD."<=": metavalue detected, returning FALSE
at 1674964 ps(3), Instance /fb_less_2d_gpu_standalone_tb/uut/vga_ctrl_i/ : Warning: NUMERIC_STD."<=": metavalue detected, returning FALSE
# run 1.00us
ISim P.68d (signature 0x7708f090)
----------------------------------------------------------------------
INFO:Security:50 - The XILINXD_LICENSE_FILE environment variable is set to '2100@licserver'.
INFO:Security:52 - The LM_LICENSE_FILE environment variable is set to '1717@licserver'.
WARNING:Security:43 - No license file was found in the standard Xilinx license directory.
WARNING:Security:44 - Since no license file was found,
       please run the Xilinx License Configuration Manager
       (xlcm or "Manage Xilinx Licenses")
       to assist in obtaining a license.
WARNING:Security:42 - Your software subscription period has lapsed. Your current version of Xilinx tools will continue to function, but you no longer qualify for Xilinx software updates or new releases.


----------------------------------------------------------------------
This is a Full version of ISim.
# run 2000 ns
Simulator is doing circuit initialization process.
at 0 ps, Instance /fb_less_2d_gpu_standalone_tb/uut/vga_ctrl_i/ : Warning: NUMERIC_STD."=": metavalue detected, returning FALSE
Finished circuit initialization process.
at 624990 ps(4), Instance /fb_less_2d_gpu_standalone_tb/uut/vga_ctrl_i/ : Warning: NUMERIC_STD."=": metavalue detected, returning FALSE
at 714972 ps(4), Instance /fb_less_2d_gpu_standalone_tb/uut/fb_less_2d_gpu_i/ : Warning: There is an 'U'|'X'|'W'|'Z'|'-' in an arithmetic operand, the result will be 'X'(es).
at 1674964 ps(3), Instance /fb_less_2d_gpu_standalone_tb/uut/vga_ctrl_i/ : Warning: NUMERIC_STD.">=": metavalue detected, returning FALSE
at 1674964 ps(3), Instance /fb_less_2d_gpu_standalone_tb/uut/vga_ctrl_i/ : Warning: NUMERIC_STD.">=": metavalue detected, returning FALSE
at 1674964 ps(3), Instance /fb_less_2d_gpu_standalone_tb/uut/vga_ctrl_i/ : Warning: NUMERIC_STD."<=": metavalue detected, returning FALSE
at 1674964 ps(3), Instance /fb_less_2d_gpu_standalone_tb/uut/vga_ctrl_i/ : Warning: NUMERIC_STD."<=": metavalue detected, returning FALSE
at 1674964 ps(3), Instance /fb_less_2d_gpu_standalone_tb/uut/vga_ctrl_i/ : Warning: NUMERIC_STD."<=": metavalue detected, returning FALSE
at 1674964 ps(3), Instance /fb_less_2d_gpu_standalone_tb/uut/vga_ctrl_i/ : Warning: NUMERIC_STD."<=": metavalue detected, returning FALSE
# run 1.00us
# run 1.00us
# run 1.00us
# run 1.00us
# run 1.00us
# run 1.00us
